<?xml version="1.0" encoding="utf-8"?><testsuites><testsuite name="pytest" errors="0" failures="0" skipped="0" tests="5" time="0.217" timestamp="2023-10-18T14:42:09.360782" hostname="G7VDQYF2C0.local"><testcase classname="tests.test_service_bus" name="test_validate_settings" time="0.006" /><testcase classname="tests.test_service_bus" name="test_get_receiver" time="0.003" /><testcase classname="tests.test_service_bus" name="test_get_sender" time="0.003" /><testcase classname="tests.test_service_bus" name="test_close" time="0.006" /><testcase classname="tests.test_service_bus" name="test_send_message" time="0.004" /></testsuite></testsuites>